#-----------------------------------------------------------
# Vivado v2018.3 (64-bit)
# SW Build 2405991 on Thu Dec  6 23:38:27 MST 2018
# IP Build 2404404 on Fri Dec  7 01:43:56 MST 2018
# Start of session at: Wed Nov 17 13:23:23 2021
# Process ID: 16900
# Current directory: C:/Users/Nicola/Documents/university/MSc_physics_of_data/S1_management_and_analysis_of_physics_dataset/lab_projects/05_toggle_flipflop
# Command line: vivado.exe -gui_launcher_event rodinguilauncherevent6096 C:\Users\Nicola\Documents\university\MSc_physics_of_data\S1_management_and_analysis_of_physics_dataset\lab_projects\05_toggle_flipflop\05_flipflop.xpr
# Log file: C:/Users/Nicola/Documents/university/MSc_physics_of_data/S1_management_and_analysis_of_physics_dataset/lab_projects/05_toggle_flipflop/vivado.log
# Journal file: C:/Users/Nicola/Documents/university/MSc_physics_of_data/S1_management_and_analysis_of_physics_dataset/lab_projects/05_toggle_flipflop\vivado.jou
#-----------------------------------------------------------
start_gui
open_project C:/Users/Nicola/Documents/university/MSc_physics_of_data/S1_management_and_analysis_of_physics_dataset/lab_projects/05_toggle_flipflop/05_flipflop.xpr
INFO: [ProjectBase 1-489] The host OS only allows 260 characters in a normal path. The project is stored in a path with more than 80 characters. If you experience issues with IP, Block Designs, or files not being found, please consider moving the project to a location with a shorter path. Alternately consider using the OS subst command to map part of the path to a drive letter.
Current project path is 'C:/Users/Nicola/Documents/university/MSc_physics_of_data/S1_management_and_analysis_of_physics_dataset/lab_projects/05_toggle_flipflop'
CRITICAL WARNING: [Project 1-19] Could not find the file 'C:/Users/Nicola/Documents/university/MSc_physics_of_data/S1_management_and_analysis_of_physics_dataset/lab_projects/05_toggle_flipflop/tb_dff_behav.wcfg'.
Scanning sources...
Finished scanning sources
INFO: [IP_Flow 19-234] Refreshing IP repositories
INFO: [IP_Flow 19-1704] No user IP repositories specified
INFO: [IP_Flow 19-2313] Loaded Vivado IP repository 'C:/Xilinx/Vivado/2018.3/data/ip'.
open_project: Time (s): cpu = 00:00:21 ; elapsed = 00:00:08 . Memory (MB): peak = 701.570 ; gain = 85.016
update_compile_order -fileset sources_1
reset_run synth_1
launch_runs synth_1 -jobs 8
[Wed Nov 17 13:24:00 2021] Launched synth_1...
Run output will be captured here: C:/Users/Nicola/Documents/university/MSc_physics_of_data/S1_management_and_analysis_of_physics_dataset/lab_projects/05_toggle_flipflop/05_flipflop.runs/synth_1/runme.log
synth_design -rtl -name rtl_1
Command: synth_design -rtl -name rtl_1
Starting synth_design
Using part: xc7a100tcsg324-1
Top: dff
---------------------------------------------------------------------------------
Starting RTL Elaboration : Time (s): cpu = 00:00:03 ; elapsed = 00:00:03 . Memory (MB): peak = 815.027 ; gain = 61.488
---------------------------------------------------------------------------------
INFO: [Synth 8-638] synthesizing module 'dff' [C:/Users/Nicola/Documents/university/MSc_physics_of_data/S1_management_and_analysis_of_physics_dataset/lab_projects/05_toggle_flipflop/05_flipflop.srcs/sources_1/new/dff.vhd:33]
INFO: [Synth 8-256] done synthesizing module 'dff' (1#1) [C:/Users/Nicola/Documents/university/MSc_physics_of_data/S1_management_and_analysis_of_physics_dataset/lab_projects/05_toggle_flipflop/05_flipflop.srcs/sources_1/new/dff.vhd:33]
---------------------------------------------------------------------------------
Finished RTL Elaboration : Time (s): cpu = 00:00:04 ; elapsed = 00:00:04 . Memory (MB): peak = 854.207 ; gain = 100.668
---------------------------------------------------------------------------------

Report Check Netlist: 
+------+------------------+-------+---------+-------+------------------+
|      |Item              |Errors |Warnings |Status |Description       |
+------+------------------+-------+---------+-------+------------------+
|1     |multi_driven_nets |      0|        0|Passed |Multi driven nets |
+------+------------------+-------+---------+-------+------------------+
---------------------------------------------------------------------------------
Start Handling Custom Attributes
---------------------------------------------------------------------------------
---------------------------------------------------------------------------------
Finished Handling Custom Attributes : Time (s): cpu = 00:00:05 ; elapsed = 00:00:05 . Memory (MB): peak = 854.207 ; gain = 100.668
---------------------------------------------------------------------------------
---------------------------------------------------------------------------------
Finished RTL Optimization Phase 1 : Time (s): cpu = 00:00:05 ; elapsed = 00:00:05 . Memory (MB): peak = 854.207 ; gain = 100.668
---------------------------------------------------------------------------------
INFO: [Device 21-403] Loading part xc7a100tcsg324-1
INFO: [Project 1-570] Preparing netlist for logic optimization

Processing XDC Constraints
Initializing timing engine
Completed Processing XDC Constraints

INFO: [Opt 31-138] Pushed 0 inverter(s) to 0 load pin(s).
Netlist sorting complete. Time (s): cpu = 00:00:00 ; elapsed = 00:00:00 . Memory (MB): peak = 1109.531 ; gain = 0.000
INFO: [Project 1-111] Unisim Transformation Summary:
No Unisim elements were transformed.

RTL Elaboration Complete:  : Time (s): cpu = 00:00:27 ; elapsed = 00:00:17 . Memory (MB): peak = 1225.125 ; gain = 471.586
6 Infos, 0 Warnings, 0 Critical Warnings and 0 Errors encountered.
synth_design completed successfully
synth_design: Time (s): cpu = 00:00:27 ; elapsed = 00:00:17 . Memory (MB): peak = 1225.125 ; gain = 471.586
launch_simulation
INFO: [Vivado 12-5682] Launching behavioral simulation in 'C:/Users/Nicola/Documents/university/MSc_physics_of_data/S1_management_and_analysis_of_physics_dataset/lab_projects/05_toggle_flipflop/05_flipflop.sim/sim_1/behav/xsim'
INFO: [SIM-utils-51] Simulation object is 'sim_1'
INFO: [SIM-utils-54] Inspecting design source files for 'tb_dff' in fileset 'sim_1'...
INFO: [USF-XSim-97] Finding global include files...
INFO: [USF-XSim-98] Fetching design files from 'sim_1'...
INFO: [USF-XSim-2] XSim::Compile design
INFO: [USF-XSim-61] Executing 'COMPILE and ANALYZE' step in 'C:/Users/Nicola/Documents/university/MSc_physics_of_data/S1_management_and_analysis_of_physics_dataset/lab_projects/05_toggle_flipflop/05_flipflop.sim/sim_1/behav/xsim'
"xvhdl --incr --relax -prj tb_dff_vhdl.prj"
INFO: [USF-XSim-69] 'compile' step finished in '4' seconds
INFO: [USF-XSim-3] XSim::Elaborate design
INFO: [USF-XSim-61] Executing 'ELABORATE' step in 'C:/Users/Nicola/Documents/university/MSc_physics_of_data/S1_management_and_analysis_of_physics_dataset/lab_projects/05_toggle_flipflop/05_flipflop.sim/sim_1/behav/xsim'
Vivado Simulator 2018.3
Copyright 1986-1999, 2001-2018 Xilinx, Inc. All Rights Reserved.
Running: C:/Xilinx/Vivado/2018.3/bin/unwrapped/win64.o/xelab.exe -wto 5dac4b2edd0d4558a820ab14e76688f3 --incr --debug typical --relax --mt 2 -L xil_defaultlib -L secureip --snapshot tb_dff_behav xil_defaultlib.tb_dff -log elaborate.log 
Using 2 slave threads.
Starting static elaboration
Completed static elaboration
INFO: [XSIM 43-4323] No Change in HDL. Linking previously generated obj files to create kernel
INFO: [USF-XSim-69] 'elaborate' step finished in '4' seconds
INFO: [USF-XSim-4] XSim::Simulate design
WARNING: [USF-XSim-17] WCFG file does not exist:C:/Users/Nicola/Documents/university/MSc_physics_of_data/S1_management_and_analysis_of_physics_dataset/lab_projects/05_toggle_flipflop/tb_dff_behav.wcfg
WARNING: [USF-XSim-17] WCFG file does not exist:C:/Users/Nicola/Documents/university/MSc_physics_of_data/S1_management_and_analysis_of_physics_dataset/lab_projects/05_toggle_flipflop/tb_dff_behav.wcfg
INFO: [USF-XSim-61] Executing 'SIMULATE' step in 'C:/Users/Nicola/Documents/university/MSc_physics_of_data/S1_management_and_analysis_of_physics_dataset/lab_projects/05_toggle_flipflop/05_flipflop.sim/sim_1/behav/xsim'
INFO: [USF-XSim-98] *** Running xsim
   with args "tb_dff_behav -key {Behavioral:sim_1:Functional:tb_dff} -tclbatch {tb_dff.tcl} -log {simulate.log}"
INFO: [USF-XSim-8] Loading simulator feature
Vivado Simulator 2018.3
Time resolution is 1 ps
source tb_dff.tcl
# set curr_wave [current_wave_config]
# if { [string length $curr_wave] == 0 } {
#   if { [llength [get_objects]] > 0} {
#     add_wave /
#     set_property needs_save false [current_wave_config]
#   } else {
#      send_msg_id Add_Wave-1 WARNING "No top level signals found. Simulator will start without a wave window. If you want to open a wave window go to 'File->New Waveform Configuration' or type 'create_wave_config' in the TCL console."
#   }
# }
# run 1000ns
INFO: [USF-XSim-96] XSim completed. Design snapshot 'tb_dff_behav' loaded.
INFO: [USF-XSim-97] XSim simulation ran for 1000ns
launch_simulation: Time (s): cpu = 00:00:14 ; elapsed = 00:00:14 . Memory (MB): peak = 1225.238 ; gain = 0.113
close_sim
INFO: [Simtcl 6-16] Simulation closed
launch_simulation
INFO: [Vivado 12-5682] Launching behavioral simulation in 'C:/Users/Nicola/Documents/university/MSc_physics_of_data/S1_management_and_analysis_of_physics_dataset/lab_projects/05_toggle_flipflop/05_flipflop.sim/sim_1/behav/xsim'
INFO: [SIM-utils-51] Simulation object is 'sim_1'
INFO: [SIM-utils-54] Inspecting design source files for 'tb_dff' in fileset 'sim_1'...
INFO: [USF-XSim-97] Finding global include files...
INFO: [USF-XSim-98] Fetching design files from 'sim_1'...
INFO: [USF-XSim-2] XSim::Compile design
INFO: [USF-XSim-61] Executing 'COMPILE and ANALYZE' step in 'C:/Users/Nicola/Documents/university/MSc_physics_of_data/S1_management_and_analysis_of_physics_dataset/lab_projects/05_toggle_flipflop/05_flipflop.sim/sim_1/behav/xsim'
"xvhdl --incr --relax -prj tb_dff_vhdl.prj"
INFO: [VRFC 10-163] Analyzing VHDL file "C:/Users/Nicola/Documents/university/MSc_physics_of_data/S1_management_and_analysis_of_physics_dataset/lab_projects/05_toggle_flipflop/05_flipflop.srcs/sim_1/new/tb_dff.vhd" into library xil_defaultlib
INFO: [VRFC 10-3107] analyzing entity 'tb_dff'
INFO: [USF-XSim-69] 'compile' step finished in '2' seconds
INFO: [USF-XSim-3] XSim::Elaborate design
INFO: [USF-XSim-61] Executing 'ELABORATE' step in 'C:/Users/Nicola/Documents/university/MSc_physics_of_data/S1_management_and_analysis_of_physics_dataset/lab_projects/05_toggle_flipflop/05_flipflop.sim/sim_1/behav/xsim'
Vivado Simulator 2018.3
Copyright 1986-1999, 2001-2018 Xilinx, Inc. All Rights Reserved.
Running: C:/Xilinx/Vivado/2018.3/bin/unwrapped/win64.o/xelab.exe -wto 5dac4b2edd0d4558a820ab14e76688f3 --incr --debug typical --relax --mt 2 -L xil_defaultlib -L secureip --snapshot tb_dff_behav xil_defaultlib.tb_dff -log elaborate.log 
Using 2 slave threads.
Starting static elaboration
Completed static elaboration
Starting simulation data flow analysis
Completed simulation data flow analysis
Time Resolution for simulation is 1ps
Compiling package std.standard
Compiling package std.textio
Compiling package ieee.std_logic_1164
Compiling architecture rtl of entity xil_defaultlib.dff [dff_default]
Compiling architecture behavioral of entity xil_defaultlib.tb_dff
Built simulation snapshot tb_dff_behav
INFO: [USF-XSim-69] 'elaborate' step finished in '3' seconds
INFO: [USF-XSim-4] XSim::Simulate design
WARNING: [USF-XSim-17] WCFG file does not exist:C:/Users/Nicola/Documents/university/MSc_physics_of_data/S1_management_and_analysis_of_physics_dataset/lab_projects/05_toggle_flipflop/tb_dff_behav.wcfg
WARNING: [USF-XSim-17] WCFG file does not exist:C:/Users/Nicola/Documents/university/MSc_physics_of_data/S1_management_and_analysis_of_physics_dataset/lab_projects/05_toggle_flipflop/tb_dff_behav.wcfg
INFO: [USF-XSim-61] Executing 'SIMULATE' step in 'C:/Users/Nicola/Documents/university/MSc_physics_of_data/S1_management_and_analysis_of_physics_dataset/lab_projects/05_toggle_flipflop/05_flipflop.sim/sim_1/behav/xsim'
INFO: [USF-XSim-98] *** Running xsim
   with args "tb_dff_behav -key {Behavioral:sim_1:Functional:tb_dff} -tclbatch {tb_dff.tcl} -log {simulate.log}"
INFO: [USF-XSim-8] Loading simulator feature
Vivado Simulator 2018.3
Time resolution is 1 ps
source tb_dff.tcl
# set curr_wave [current_wave_config]
# if { [string length $curr_wave] == 0 } {
#   if { [llength [get_objects]] > 0} {
#     add_wave /
#     set_property needs_save false [current_wave_config]
#   } else {
#      send_msg_id Add_Wave-1 WARNING "No top level signals found. Simulator will start without a wave window. If you want to open a wave window go to 'File->New Waveform Configuration' or type 'create_wave_config' in the TCL console."
#   }
# }
# run 1000ns
INFO: [USF-XSim-96] XSim completed. Design snapshot 'tb_dff_behav' loaded.
INFO: [USF-XSim-97] XSim simulation ran for 1000ns
launch_simulation: Time (s): cpu = 00:00:04 ; elapsed = 00:00:10 . Memory (MB): peak = 1401.469 ; gain = 0.000
relaunch_sim
INFO: [Vivado 12-5682] Launching behavioral simulation in 'C:/Users/Nicola/Documents/university/MSc_physics_of_data/S1_management_and_analysis_of_physics_dataset/lab_projects/05_toggle_flipflop/05_flipflop.sim/sim_1/behav/xsim'
INFO: [SIM-utils-51] Simulation object is 'sim_1'
INFO: [SIM-utils-54] Inspecting design source files for 'tb_dff' in fileset 'sim_1'...
INFO: [USF-XSim-97] Finding global include files...
INFO: [USF-XSim-98] Fetching design files from 'sim_1'...
INFO: [USF-XSim-2] XSim::Compile design
INFO: [USF-XSim-61] Executing 'COMPILE and ANALYZE' step in 'C:/Users/Nicola/Documents/university/MSc_physics_of_data/S1_management_and_analysis_of_physics_dataset/lab_projects/05_toggle_flipflop/05_flipflop.sim/sim_1/behav/xsim'
"xvhdl --incr --relax -prj tb_dff_vhdl.prj"
INFO: [VRFC 10-163] Analyzing VHDL file "C:/Users/Nicola/Documents/university/MSc_physics_of_data/S1_management_and_analysis_of_physics_dataset/lab_projects/05_toggle_flipflop/05_flipflop.srcs/sim_1/new/tb_dff.vhd" into library xil_defaultlib
INFO: [VRFC 10-3107] analyzing entity 'tb_dff'
INFO: [USF-XSim-69] 'compile' step finished in '4' seconds
INFO: [Vivado 12-5682] Launching behavioral simulation in 'C:/Users/Nicola/Documents/university/MSc_physics_of_data/S1_management_and_analysis_of_physics_dataset/lab_projects/05_toggle_flipflop/05_flipflop.sim/sim_1/behav/xsim'
INFO: [USF-XSim-3] XSim::Elaborate design
INFO: [USF-XSim-61] Executing 'ELABORATE' step in 'C:/Users/Nicola/Documents/university/MSc_physics_of_data/S1_management_and_analysis_of_physics_dataset/lab_projects/05_toggle_flipflop/05_flipflop.sim/sim_1/behav/xsim'
Vivado Simulator 2018.3
Copyright 1986-1999, 2001-2018 Xilinx, Inc. All Rights Reserved.
Running: C:/Xilinx/Vivado/2018.3/bin/unwrapped/win64.o/xelab.exe -wto 5dac4b2edd0d4558a820ab14e76688f3 --incr --debug typical --relax --mt 2 -L xil_defaultlib -L secureip --snapshot tb_dff_behav xil_defaultlib.tb_dff -log elaborate.log 
Using 2 slave threads.
Starting static elaboration
Completed static elaboration
Starting simulation data flow analysis
Completed simulation data flow analysis
Time Resolution for simulation is 1ps
Compiling package std.standard
Compiling package std.textio
Compiling package ieee.std_logic_1164
Compiling architecture rtl of entity xil_defaultlib.dff [dff_default]
Compiling architecture behavioral of entity xil_defaultlib.tb_dff
Built simulation snapshot tb_dff_behav
INFO: [USF-XSim-69] 'elaborate' step finished in '3' seconds
Vivado Simulator 2018.3
Time resolution is 1 ps
relaunch_sim: Time (s): cpu = 00:00:02 ; elapsed = 00:00:11 . Memory (MB): peak = 1401.469 ; gain = 0.000
close_sim
INFO: [Simtcl 6-16] Simulation closed
launch_simulation
INFO: [Vivado 12-5682] Launching behavioral simulation in 'C:/Users/Nicola/Documents/university/MSc_physics_of_data/S1_management_and_analysis_of_physics_dataset/lab_projects/05_toggle_flipflop/05_flipflop.sim/sim_1/behav/xsim'
INFO: [SIM-utils-51] Simulation object is 'sim_1'
INFO: [SIM-utils-54] Inspecting design source files for 'tb_dff' in fileset 'sim_1'...
INFO: [USF-XSim-97] Finding global include files...
INFO: [USF-XSim-98] Fetching design files from 'sim_1'...
INFO: [USF-XSim-2] XSim::Compile design
INFO: [USF-XSim-61] Executing 'COMPILE and ANALYZE' step in 'C:/Users/Nicola/Documents/university/MSc_physics_of_data/S1_management_and_analysis_of_physics_dataset/lab_projects/05_toggle_flipflop/05_flipflop.sim/sim_1/behav/xsim'
"xvhdl --incr --relax -prj tb_dff_vhdl.prj"
INFO: [USF-XSim-69] 'compile' step finished in '3' seconds
INFO: [USF-XSim-3] XSim::Elaborate design
INFO: [USF-XSim-61] Executing 'ELABORATE' step in 'C:/Users/Nicola/Documents/university/MSc_physics_of_data/S1_management_and_analysis_of_physics_dataset/lab_projects/05_toggle_flipflop/05_flipflop.sim/sim_1/behav/xsim'
Vivado Simulator 2018.3
Copyright 1986-1999, 2001-2018 Xilinx, Inc. All Rights Reserved.
Running: C:/Xilinx/Vivado/2018.3/bin/unwrapped/win64.o/xelab.exe -wto 5dac4b2edd0d4558a820ab14e76688f3 --incr --debug typical --relax --mt 2 -L xil_defaultlib -L secureip --snapshot tb_dff_behav xil_defaultlib.tb_dff -log elaborate.log 
Using 2 slave threads.
Starting static elaboration
Completed static elaboration
INFO: [XSIM 43-4323] No Change in HDL. Linking previously generated obj files to create kernel
INFO: [USF-XSim-69] 'elaborate' step finished in '4' seconds
INFO: [USF-XSim-4] XSim::Simulate design
WARNING: [USF-XSim-17] WCFG file does not exist:C:/Users/Nicola/Documents/university/MSc_physics_of_data/S1_management_and_analysis_of_physics_dataset/lab_projects/05_toggle_flipflop/tb_dff_behav.wcfg
WARNING: [USF-XSim-17] WCFG file does not exist:C:/Users/Nicola/Documents/university/MSc_physics_of_data/S1_management_and_analysis_of_physics_dataset/lab_projects/05_toggle_flipflop/tb_dff_behav.wcfg
INFO: [USF-XSim-61] Executing 'SIMULATE' step in 'C:/Users/Nicola/Documents/university/MSc_physics_of_data/S1_management_and_analysis_of_physics_dataset/lab_projects/05_toggle_flipflop/05_flipflop.sim/sim_1/behav/xsim'
INFO: [USF-XSim-98] *** Running xsim
   with args "tb_dff_behav -key {Behavioral:sim_1:Functional:tb_dff} -tclbatch {tb_dff.tcl} -log {simulate.log}"
INFO: [USF-XSim-8] Loading simulator feature
Vivado Simulator 2018.3
Time resolution is 1 ps
source tb_dff.tcl
# set curr_wave [current_wave_config]
# if { [string length $curr_wave] == 0 } {
#   if { [llength [get_objects]] > 0} {
#     add_wave /
#     set_property needs_save false [current_wave_config]
#   } else {
#      send_msg_id Add_Wave-1 WARNING "No top level signals found. Simulator will start without a wave window. If you want to open a wave window go to 'File->New Waveform Configuration' or type 'create_wave_config' in the TCL console."
#   }
# }
# run 1000ns
INFO: [USF-XSim-96] XSim completed. Design snapshot 'tb_dff_behav' loaded.
INFO: [USF-XSim-97] XSim simulation ran for 1000ns
launch_simulation: Time (s): cpu = 00:00:05 ; elapsed = 00:00:11 . Memory (MB): peak = 1401.469 ; gain = 0.000
close_sim
INFO: [Simtcl 6-16] Simulation closed
launch_simulation
INFO: [Vivado 12-5682] Launching behavioral simulation in 'C:/Users/Nicola/Documents/university/MSc_physics_of_data/S1_management_and_analysis_of_physics_dataset/lab_projects/05_toggle_flipflop/05_flipflop.sim/sim_1/behav/xsim'
INFO: [SIM-utils-51] Simulation object is 'sim_1'
INFO: [SIM-utils-54] Inspecting design source files for 'tb_dff' in fileset 'sim_1'...
INFO: [USF-XSim-97] Finding global include files...
INFO: [USF-XSim-98] Fetching design files from 'sim_1'...
INFO: [USF-XSim-2] XSim::Compile design
INFO: [USF-XSim-61] Executing 'COMPILE and ANALYZE' step in 'C:/Users/Nicola/Documents/university/MSc_physics_of_data/S1_management_and_analysis_of_physics_dataset/lab_projects/05_toggle_flipflop/05_flipflop.sim/sim_1/behav/xsim'
"xvhdl --incr --relax -prj tb_dff_vhdl.prj"
INFO: [VRFC 10-163] Analyzing VHDL file "C:/Users/Nicola/Documents/university/MSc_physics_of_data/S1_management_and_analysis_of_physics_dataset/lab_projects/05_toggle_flipflop/05_flipflop.srcs/sim_1/new/tb_dff.vhd" into library xil_defaultlib
INFO: [VRFC 10-3107] analyzing entity 'tb_dff'
INFO: [USF-XSim-69] 'compile' step finished in '3' seconds
INFO: [USF-XSim-3] XSim::Elaborate design
INFO: [USF-XSim-61] Executing 'ELABORATE' step in 'C:/Users/Nicola/Documents/university/MSc_physics_of_data/S1_management_and_analysis_of_physics_dataset/lab_projects/05_toggle_flipflop/05_flipflop.sim/sim_1/behav/xsim'
Vivado Simulator 2018.3
Copyright 1986-1999, 2001-2018 Xilinx, Inc. All Rights Reserved.
Running: C:/Xilinx/Vivado/2018.3/bin/unwrapped/win64.o/xelab.exe -wto 5dac4b2edd0d4558a820ab14e76688f3 --incr --debug typical --relax --mt 2 -L xil_defaultlib -L secureip --snapshot tb_dff_behav xil_defaultlib.tb_dff -log elaborate.log 
Using 2 slave threads.
Starting static elaboration
Completed static elaboration
Starting simulation data flow analysis
Completed simulation data flow analysis
Time Resolution for simulation is 1ps
Compiling package std.standard
Compiling package std.textio
Compiling package ieee.std_logic_1164
Compiling architecture rtl of entity xil_defaultlib.dff [dff_default]
Compiling architecture behavioral of entity xil_defaultlib.tb_dff
Built simulation snapshot tb_dff_behav
INFO: [USF-XSim-69] 'elaborate' step finished in '4' seconds
INFO: [USF-XSim-4] XSim::Simulate design
WARNING: [USF-XSim-17] WCFG file does not exist:C:/Users/Nicola/Documents/university/MSc_physics_of_data/S1_management_and_analysis_of_physics_dataset/lab_projects/05_toggle_flipflop/tb_dff_behav.wcfg
WARNING: [USF-XSim-17] WCFG file does not exist:C:/Users/Nicola/Documents/university/MSc_physics_of_data/S1_management_and_analysis_of_physics_dataset/lab_projects/05_toggle_flipflop/tb_dff_behav.wcfg
INFO: [USF-XSim-61] Executing 'SIMULATE' step in 'C:/Users/Nicola/Documents/university/MSc_physics_of_data/S1_management_and_analysis_of_physics_dataset/lab_projects/05_toggle_flipflop/05_flipflop.sim/sim_1/behav/xsim'
INFO: [USF-XSim-98] *** Running xsim
   with args "tb_dff_behav -key {Behavioral:sim_1:Functional:tb_dff} -tclbatch {tb_dff.tcl} -log {simulate.log}"
INFO: [USF-XSim-8] Loading simulator feature
Vivado Simulator 2018.3
Time resolution is 1 ps
source tb_dff.tcl
# set curr_wave [current_wave_config]
# if { [string length $curr_wave] == 0 } {
#   if { [llength [get_objects]] > 0} {
#     add_wave /
#     set_property needs_save false [current_wave_config]
#   } else {
#      send_msg_id Add_Wave-1 WARNING "No top level signals found. Simulator will start without a wave window. If you want to open a wave window go to 'File->New Waveform Configuration' or type 'create_wave_config' in the TCL console."
#   }
# }
# run 1000ns
INFO: [USF-XSim-96] XSim completed. Design snapshot 'tb_dff_behav' loaded.
INFO: [USF-XSim-97] XSim simulation ran for 1000ns
launch_simulation: Time (s): cpu = 00:00:04 ; elapsed = 00:00:11 . Memory (MB): peak = 1661.855 ; gain = 0.000
relaunch_sim
INFO: [Vivado 12-5682] Launching behavioral simulation in 'C:/Users/Nicola/Documents/university/MSc_physics_of_data/S1_management_and_analysis_of_physics_dataset/lab_projects/05_toggle_flipflop/05_flipflop.sim/sim_1/behav/xsim'
INFO: [SIM-utils-51] Simulation object is 'sim_1'
INFO: [SIM-utils-54] Inspecting design source files for 'tb_dff' in fileset 'sim_1'...
INFO: [USF-XSim-97] Finding global include files...
INFO: [USF-XSim-98] Fetching design files from 'sim_1'...
INFO: [USF-XSim-2] XSim::Compile design
INFO: [USF-XSim-61] Executing 'COMPILE and ANALYZE' step in 'C:/Users/Nicola/Documents/university/MSc_physics_of_data/S1_management_and_analysis_of_physics_dataset/lab_projects/05_toggle_flipflop/05_flipflop.sim/sim_1/behav/xsim'
"xvhdl --incr --relax -prj tb_dff_vhdl.prj"
INFO: [VRFC 10-163] Analyzing VHDL file "C:/Users/Nicola/Documents/university/MSc_physics_of_data/S1_management_and_analysis_of_physics_dataset/lab_projects/05_toggle_flipflop/05_flipflop.srcs/sim_1/new/tb_dff.vhd" into library xil_defaultlib
INFO: [VRFC 10-3107] analyzing entity 'tb_dff'
INFO: [USF-XSim-69] 'compile' step finished in '4' seconds
INFO: [Vivado 12-5682] Launching behavioral simulation in 'C:/Users/Nicola/Documents/university/MSc_physics_of_data/S1_management_and_analysis_of_physics_dataset/lab_projects/05_toggle_flipflop/05_flipflop.sim/sim_1/behav/xsim'
INFO: [USF-XSim-3] XSim::Elaborate design
INFO: [USF-XSim-61] Executing 'ELABORATE' step in 'C:/Users/Nicola/Documents/university/MSc_physics_of_data/S1_management_and_analysis_of_physics_dataset/lab_projects/05_toggle_flipflop/05_flipflop.sim/sim_1/behav/xsim'
Vivado Simulator 2018.3
Copyright 1986-1999, 2001-2018 Xilinx, Inc. All Rights Reserved.
Running: C:/Xilinx/Vivado/2018.3/bin/unwrapped/win64.o/xelab.exe -wto 5dac4b2edd0d4558a820ab14e76688f3 --incr --debug typical --relax --mt 2 -L xil_defaultlib -L secureip --snapshot tb_dff_behav xil_defaultlib.tb_dff -log elaborate.log 
Using 2 slave threads.
Starting static elaboration
Completed static elaboration
Starting simulation data flow analysis
Completed simulation data flow analysis
Time Resolution for simulation is 1ps
Compiling package std.standard
Compiling package std.textio
Compiling package ieee.std_logic_1164
Compiling architecture rtl of entity xil_defaultlib.dff [dff_default]
Compiling architecture behavioral of entity xil_defaultlib.tb_dff
Built simulation snapshot tb_dff_behav
INFO: [USF-XSim-69] 'elaborate' step finished in '4' seconds
Vivado Simulator 2018.3
Time resolution is 1 ps
relaunch_sim: Time (s): cpu = 00:00:02 ; elapsed = 00:00:11 . Memory (MB): peak = 1661.855 ; gain = 0.000
save_wave_config {C:/Users/Nicola/Documents/university/MSc_physics_of_data/S1_management_and_analysis_of_physics_dataset/lab_projects/05_toggle_flipflop/tb_dff_behav.wcfg}
close_sim
INFO: [Simtcl 6-16] Simulation closed
exit
INFO: [Common 17-206] Exiting Vivado at Wed Nov 17 13:47:48 2021...
