#-----------------------------------------------------------
# Vivado v2018.3 (64-bit)
# SW Build 2405991 on Thu Dec  6 23:38:27 MST 2018
# IP Build 2404404 on Fri Dec  7 01:43:56 MST 2018
# Start of session at: Wed Nov 17 13:02:59 2021
# Process ID: 25540
# Current directory: C:/Users/Nicola/Documents/university/MSc_physics_of_data/S1_management_and_analysis_of_physics_dataset/lab_projects/05_toggle_flipflop
# Command line: vivado.exe -gui_launcher_event rodinguilauncherevent19608 C:\Users\Nicola\Documents\university\MSc_physics_of_data\S1_management_and_analysis_of_physics_dataset\lab_projects\05_toggle_flipflop\05_flipflop.xpr
# Log file: C:/Users/Nicola/Documents/university/MSc_physics_of_data/S1_management_and_analysis_of_physics_dataset/lab_projects/05_toggle_flipflop/vivado.log
# Journal file: C:/Users/Nicola/Documents/university/MSc_physics_of_data/S1_management_and_analysis_of_physics_dataset/lab_projects/05_toggle_flipflop\vivado.jou
#-----------------------------------------------------------
start_gui
open_project C:/Users/Nicola/Documents/university/MSc_physics_of_data/S1_management_and_analysis_of_physics_dataset/lab_projects/05_toggle_flipflop/05_flipflop.xpr
INFO: [ProjectBase 1-489] The host OS only allows 260 characters in a normal path. The project is stored in a path with more than 80 characters. If you experience issues with IP, Block Designs, or files not being found, please consider moving the project to a location with a shorter path. Alternately consider using the OS subst command to map part of the path to a drive letter.
Current project path is 'C:/Users/Nicola/Documents/university/MSc_physics_of_data/S1_management_and_analysis_of_physics_dataset/lab_projects/05_toggle_flipflop'
INFO: [Project 1-313] Project file moved from 'C:/Users/Nicola/Documents/university/MSc_physics_of_data/S1_management_and_analysis_of_physics_dataset/lab_projects/05_flipflop' since last save.
Scanning sources...
Finished scanning sources
INFO: [IP_Flow 19-234] Refreshing IP repositories
INFO: [IP_Flow 19-1704] No user IP repositories specified
INFO: [IP_Flow 19-2313] Loaded Vivado IP repository 'C:/Xilinx/Vivado/2018.3/data/ip'.
open_project: Time (s): cpu = 00:00:20 ; elapsed = 00:00:08 . Memory (MB): peak = 717.984 ; gain = 110.156
update_compile_order -fileset sources_1
reset_run synth_1
launch_runs synth_1 -jobs 8
[Wed Nov 17 13:21:48 2021] Launched synth_1...
Run output will be captured here: C:/Users/Nicola/Documents/university/MSc_physics_of_data/S1_management_and_analysis_of_physics_dataset/lab_projects/05_toggle_flipflop/05_flipflop.runs/synth_1/runme.log
launch_simulation
INFO: [Vivado 12-5682] Launching behavioral simulation in 'C:/Users/Nicola/Documents/university/MSc_physics_of_data/S1_management_and_analysis_of_physics_dataset/lab_projects/05_toggle_flipflop/05_flipflop.sim/sim_1/behav/xsim'
INFO: [SIM-utils-51] Simulation object is 'sim_1'
INFO: [SIM-utils-54] Inspecting design source files for 'tb_dff' in fileset 'sim_1'...
INFO: [USF-XSim-97] Finding global include files...
INFO: [USF-XSim-98] Fetching design files from 'sim_1'...
INFO: [USF-XSim-2] XSim::Compile design
INFO: [USF-XSim-61] Executing 'COMPILE and ANALYZE' step in 'C:/Users/Nicola/Documents/university/MSc_physics_of_data/S1_management_and_analysis_of_physics_dataset/lab_projects/05_toggle_flipflop/05_flipflop.sim/sim_1/behav/xsim'
"xvhdl --incr --relax -prj tb_dff_vhdl.prj"
INFO: [VRFC 10-163] Analyzing VHDL file "C:/Users/Nicola/Documents/university/MSc_physics_of_data/S1_management_and_analysis_of_physics_dataset/lab_projects/05_toggle_flipflop/05_flipflop.srcs/sources_1/new/dff.vhd" into library xil_defaultlib
INFO: [VRFC 10-3107] analyzing entity 'dff'
INFO: [VRFC 10-163] Analyzing VHDL file "C:/Users/Nicola/Documents/university/MSc_physics_of_data/S1_management_and_analysis_of_physics_dataset/lab_projects/05_toggle_flipflop/05_flipflop.srcs/sim_1/new/tb_dff.vhd" into library xil_defaultlib
INFO: [VRFC 10-3107] analyzing entity 'tb_dff'
INFO: [USF-XSim-69] 'compile' step finished in '4' seconds
INFO: [USF-XSim-3] XSim::Elaborate design
INFO: [USF-XSim-61] Executing 'ELABORATE' step in 'C:/Users/Nicola/Documents/university/MSc_physics_of_data/S1_management_and_analysis_of_physics_dataset/lab_projects/05_toggle_flipflop/05_flipflop.sim/sim_1/behav/xsim'
Vivado Simulator 2018.3
Copyright 1986-1999, 2001-2018 Xilinx, Inc. All Rights Reserved.
Running: C:/Xilinx/Vivado/2018.3/bin/unwrapped/win64.o/xelab.exe -wto 5dac4b2edd0d4558a820ab14e76688f3 --incr --debug typical --relax --mt 2 -L xil_defaultlib -L secureip --snapshot tb_dff_behav xil_defaultlib.tb_dff -log elaborate.log 
Using 2 slave threads.
Starting static elaboration
Completed static elaboration
Starting simulation data flow analysis
Completed simulation data flow analysis
Time Resolution for simulation is 1ps
Compiling package std.standard
Compiling package std.textio
Compiling package ieee.std_logic_1164
Compiling architecture rtl of entity xil_defaultlib.dff [dff_default]
Compiling architecture behavioral of entity xil_defaultlib.tb_dff
Built simulation snapshot tb_dff_behav
run_program: Time (s): cpu = 00:00:00 ; elapsed = 00:00:05 . Memory (MB): peak = 768.195 ; gain = 0.000
INFO: [USF-XSim-69] 'elaborate' step finished in '5' seconds
INFO: [USF-XSim-4] XSim::Simulate design
INFO: [USF-XSim-61] Executing 'SIMULATE' step in 'C:/Users/Nicola/Documents/university/MSc_physics_of_data/S1_management_and_analysis_of_physics_dataset/lab_projects/05_toggle_flipflop/05_flipflop.sim/sim_1/behav/xsim'
INFO: [USF-XSim-98] *** Running xsim
   with args "tb_dff_behav -key {Behavioral:sim_1:Functional:tb_dff} -tclbatch {tb_dff.tcl} -view {C:/Users/Nicola/Documents/university/MSc_physics_of_data/S1_management_and_analysis_of_physics_dataset/lab_projects/05_toggle_flipflop/tb_dff_behav.wcfg} -log {simulate.log}"
INFO: [USF-XSim-8] Loading simulator feature
Vivado Simulator 2018.3
Time resolution is 1 ps
open_wave_config C:/Users/Nicola/Documents/university/MSc_physics_of_data/S1_management_and_analysis_of_physics_dataset/lab_projects/05_toggle_flipflop/tb_dff_behav.wcfg
source tb_dff.tcl
# set curr_wave [current_wave_config]
# if { [string length $curr_wave] == 0 } {
#   if { [llength [get_objects]] > 0} {
#     add_wave /
#     set_property needs_save false [current_wave_config]
#   } else {
#      send_msg_id Add_Wave-1 WARNING "No top level signals found. Simulator will start without a wave window. If you want to open a wave window go to 'File->New Waveform Configuration' or type 'create_wave_config' in the TCL console."
#   }
# }
# run 1000ns
INFO: [USF-XSim-96] XSim completed. Design snapshot 'tb_dff_behav' loaded.
INFO: [USF-XSim-97] XSim simulation ran for 1000ns
launch_simulation: Time (s): cpu = 00:00:10 ; elapsed = 00:00:14 . Memory (MB): peak = 792.180 ; gain = 23.984
close_sim
INFO: [Simtcl 6-16] Simulation closed
exit
INFO: [Common 17-206] Exiting Vivado at Wed Nov 17 13:23:16 2021...
