#-----------------------------------------------------------
# Vivado v2018.3 (64-bit)
# SW Build 2405991 on Thu Dec  6 23:38:27 MST 2018
# IP Build 2404404 on Fri Dec  7 01:43:56 MST 2018
# Start of session at: Wed Dec 22 00:46:50 2021
# Process ID: 14168
# Current directory: C:/Users/Nicola/Documents/university/MSc_physics_of_data/S1_management_and_analysis_of_physics_dataset/lab_projects/11_UART_receiver
# Command line: vivado.exe -gui_launcher_event rodinguilauncherevent6180 C:\Users\Nicola\Documents\university\MSc_physics_of_data\S1_management_and_analysis_of_physics_dataset\lab_projects\11_UART_receiver\UART_receiver.xpr
# Log file: C:/Users/Nicola/Documents/university/MSc_physics_of_data/S1_management_and_analysis_of_physics_dataset/lab_projects/11_UART_receiver/vivado.log
# Journal file: C:/Users/Nicola/Documents/university/MSc_physics_of_data/S1_management_and_analysis_of_physics_dataset/lab_projects/11_UART_receiver\vivado.jou
#-----------------------------------------------------------
start_gui
open_project C:/Users/Nicola/Documents/university/MSc_physics_of_data/S1_management_and_analysis_of_physics_dataset/lab_projects/11_UART_receiver/UART_receiver.xpr
INFO: [ProjectBase 1-489] The host OS only allows 260 characters in a normal path. The project is stored in a path with more than 80 characters. If you experience issues with IP, Block Designs, or files not being found, please consider moving the project to a location with a shorter path. Alternately consider using the OS subst command to map part of the path to a drive letter.
Current project path is 'C:/Users/Nicola/Documents/university/MSc_physics_of_data/S1_management_and_analysis_of_physics_dataset/lab_projects/11_UART_receiver'
Scanning sources...
Finished scanning sources
INFO: [IP_Flow 19-234] Refreshing IP repositories
INFO: [IP_Flow 19-1704] No user IP repositories specified
INFO: [IP_Flow 19-2313] Loaded Vivado IP repository 'C:/Xilinx/Vivado/2018.3/data/ip'.
open_project: Time (s): cpu = 00:00:18 ; elapsed = 00:00:08 . Memory (MB): peak = 699.688 ; gain = 57.191
update_compile_order -fileset sources_1
exit
INFO: [Common 17-206] Exiting Vivado at Wed Dec 22 00:48:37 2021...
